<?xml version="1.0" encoding="UTF-8"?>
<testsuite xmlns:xsi="http://www.w3.org/2001/XMLSchema-instance" xsi:noNamespaceSchemaLocation="https://maven.apache.org/surefire/maven-surefire-plugin/xsd/surefire-test-report-3.0.xsd" version="3.0" name="com.luv2code.junitdemo.DemoUtilsTest" time="2.14" tests="10" errors="0" skipped="0" failures="0">
  <properties>
    <property name="java.specification.version" value="21"/>
    <property name="sun.cpu.isalist" value="amd64"/>
    <property name="sun.jnu.encoding" value="Cp1252"/>
    <property name="java.class.path" value="C:\Users\Hemanth.Siripireddy\Documents\MyProjects\SpringbootUnitTesting\MyCode\1.00-starting-project\target\test-classes;C:\Users\Hemanth.Siripireddy\Documents\MyProjects\SpringbootUnitTesting\MyCode\1.00-starting-project\target\classes;C:\Users\Hemanth.Siripireddy\.m2\repository\org\junit\jupiter\junit-jupiter\5.8.2\junit-jupiter-5.8.2.jar;C:\Users\Hemanth.Siripireddy\.m2\repository\org\junit\jupiter\junit-jupiter-api\5.8.2\junit-jupiter-api-5.8.2.jar;C:\Users\Hemanth.Siripireddy\.m2\repository\org\opentest4j\opentest4j\1.2.0\opentest4j-1.2.0.jar;C:\Users\Hemanth.Siripireddy\.m2\repository\org\junit\platform\junit-platform-commons\1.8.2\junit-platform-commons-1.8.2.jar;C:\Users\Hemanth.Siripireddy\.m2\repository\org\apiguardian\apiguardian-api\1.1.2\apiguardian-api-1.1.2.jar;C:\Users\Hemanth.Siripireddy\.m2\repository\org\junit\jupiter\junit-jupiter-params\5.8.2\junit-jupiter-params-5.8.2.jar;C:\Users\Hemanth.Siripireddy\.m2\repository\org\junit\jupiter\junit-jupiter-engine\5.8.2\junit-jupiter-engine-5.8.2.jar;C:\Users\Hemanth.Siripireddy\.m2\repository\org\junit\platform\junit-platform-engine\1.8.2\junit-platform-engine-1.8.2.jar;"/>
    <property name="java.vm.vendor" value="Oracle Corporation"/>
    <property name="sun.arch.data.model" value="64"/>
    <property name="user.variant" value=""/>
    <property name="java.vendor.url" value="https://java.oracle.com/"/>
    <property name="user.timezone" value="Asia/Calcutta"/>
    <property name="os.name" value="Windows 11"/>
    <property name="java.vm.specification.version" value="21"/>
    <property name="sun.java.launcher" value="SUN_STANDARD"/>
    <property name="user.country" value="US"/>
    <property name="sun.boot.library.path" value="C:\Program Files\Java\jdk-21\bin"/>
    <property name="sun.java.command" value="C:\Users\Hemanth.Siripireddy\AppData\Local\Temp\surefire17007165452584893460\surefirebooter12376230726111789805.jar C:\Users\Hemanth.Siripireddy\AppData\Local\Temp\surefire17007165452584893460 2024-07-02T20-26-05_639-jvmRun1 surefire841561991783303292tmp surefire_017263403853329286324tmp"/>
    <property name="jdk.debug" value="release"/>
    <property name="surefire.test.class.path" value="C:\Users\Hemanth.Siripireddy\Documents\MyProjects\SpringbootUnitTesting\MyCode\1.00-starting-project\target\test-classes;C:\Users\Hemanth.Siripireddy\Documents\MyProjects\SpringbootUnitTesting\MyCode\1.00-starting-project\target\classes;C:\Users\Hemanth.Siripireddy\.m2\repository\org\junit\jupiter\junit-jupiter\5.8.2\junit-jupiter-5.8.2.jar;C:\Users\Hemanth.Siripireddy\.m2\repository\org\junit\jupiter\junit-jupiter-api\5.8.2\junit-jupiter-api-5.8.2.jar;C:\Users\Hemanth.Siripireddy\.m2\repository\org\opentest4j\opentest4j\1.2.0\opentest4j-1.2.0.jar;C:\Users\Hemanth.Siripireddy\.m2\repository\org\junit\platform\junit-platform-commons\1.8.2\junit-platform-commons-1.8.2.jar;C:\Users\Hemanth.Siripireddy\.m2\repository\org\apiguardian\apiguardian-api\1.1.2\apiguardian-api-1.1.2.jar;C:\Users\Hemanth.Siripireddy\.m2\repository\org\junit\jupiter\junit-jupiter-params\5.8.2\junit-jupiter-params-5.8.2.jar;C:\Users\Hemanth.Siripireddy\.m2\repository\org\junit\jupiter\junit-jupiter-engine\5.8.2\junit-jupiter-engine-5.8.2.jar;C:\Users\Hemanth.Siripireddy\.m2\repository\org\junit\platform\junit-platform-engine\1.8.2\junit-platform-engine-1.8.2.jar;"/>
    <property name="sun.cpu.endian" value="little"/>
    <property name="user.home" value="C:\Users\Hemanth.Siripireddy"/>
    <property name="user.language" value="en"/>
    <property name="java.specification.vendor" value="Oracle Corporation"/>
    <property name="java.version.date" value="2024-04-16"/>
    <property name="java.home" value="C:\Program Files\Java\jdk-21"/>
    <property name="file.separator" value="\"/>
    <property name="basedir" value="C:\Users\Hemanth.Siripireddy\Documents\MyProjects\SpringbootUnitTesting\MyCode\1.00-starting-project"/>
    <property name="java.vm.compressedOopsMode" value="Zero based"/>
    <property name="line.separator" value="&#10;"/>
    <property name="java.vm.specification.vendor" value="Oracle Corporation"/>
    <property name="java.specification.name" value="Java Platform API Specification"/>
    <property name="surefire.real.class.path" value="C:\Users\Hemanth.Siripireddy\AppData\Local\Temp\surefire17007165452584893460\surefirebooter12376230726111789805.jar"/>
    <property name="user.script" value=""/>
    <property name="sun.management.compiler" value="HotSpot 64-Bit Tiered Compilers"/>
    <property name="java.runtime.version" value="21.0.3+7-LTS-152"/>
    <property name="user.name" value="Hemanth.Siripireddy"/>
    <property name="stdout.encoding" value="Cp1252"/>
    <property name="path.separator" value=";"/>
    <property name="os.version" value="10.0"/>
    <property name="java.runtime.name" value="Java(TM) SE Runtime Environment"/>
    <property name="file.encoding" value="UTF-8"/>
    <property name="java.vm.name" value="Java HotSpot(TM) 64-Bit Server VM"/>
    <property name="localRepository" value="C:\Users\Hemanth.Siripireddy\.m2\repository"/>
    <property name="java.vendor.url.bug" value="https://bugreport.java.com/bugreport/"/>
    <property name="java.io.tmpdir" value="C:\Users\HEMANT~1.SIR\AppData\Local\Temp\"/>
    <property name="java.version" value="21.0.3"/>
    <property name="user.dir" value="C:\Users\Hemanth.Siripireddy\Documents\MyProjects\SpringbootUnitTesting\MyCode\1.00-starting-project"/>
    <property name="os.arch" value="amd64"/>
    <property name="java.vm.specification.name" value="Java Virtual Machine Specification"/>
    <property name="sun.os.patch.level" value=""/>
    <property name="native.encoding" value="Cp1252"/>
    <property name="java.library.path" value="C:\Program Files\Java\jdk-21\bin;C:\Windows\Sun\Java\bin;C:\Windows\system32;C:\Windows;C:\Program Files\Common Files\Oracle\Java\javapath;C:\Program Files (x86)\Common Files\Oracle\Java\java8path;C:\Program Files (x86)\Common Files\Oracle\Java\javapath;C:\Windows\system32;C:\Windows;C:\Windows\System32\Wbem;C:\Windows\System32\WindowsPowerShell\v1.0\;C:\Windows\System32\OpenSSH\;C:\Program Files (x86)\Webex\Plugins;C:\Program Files\DuoConnect\bin\;C:\Program Files\nodejs\;C:\Ruby27-x64\bin;C:\Windows\system32;C:\Windows;C:\Windows\System32\Wbem;C:\Windows\System32\WindowsPowerShell\v1.0\;C:\Windows\System32\OpenSSH\;C:\Program Files (x86)\Webex\Plugins;C:\Program Files\DuoConnect\bin\;C:\Users\Hemanth.Siripireddy\AppData\Local\Microsoft\WindowsApps;C:\Users\Hemanth.Siripireddy\AppData\Local\GitHubDesktop\bin;C:\Users\Hemanth.Siripireddy\AppData\Local\Programs\Git\cmd;C:\Users\Hemanth.Siripireddy\executables\apache-maven-3.9.7-bin\apache-maven-3.9.7\bin;C:\Users\Hemanth.Siripireddy\AppData\Local\Microsoft\WinGet\Packages\Schniz.fnm_Microsoft.Winget.Source_8wekyb3d8bbwe;C:\Users\Hemanth.Siripireddy\AppData\Local\Programs\Microsoft VS Code\bin;C:\Users\Hemanth.Siripireddy\AppData\Roaming\npm;."/>
    <property name="java.vm.info" value="mixed mode, sharing"/>
    <property name="stderr.encoding" value="Cp1252"/>
    <property name="java.vendor" value="Oracle Corporation"/>
    <property name="java.vm.version" value="21.0.3+7-LTS-152"/>
    <property name="sun.io.unicode.encoding" value="UnicodeLittle"/>
    <property name="java.class.version" value="65.0"/>
  </properties>
  <testcase name="True or False" classname="com.luv2code.junitdemo.DemoUtilsTest" time="0.031">
    <system-out><![CDATA[@BeforeAll runs before all of the test methods

@BeforeEach runs before every test method
@AfterEach runs after every test method

]]></system-out>
  </testcase>
  <testcase name="test_Equals_And_NotEquals" classname="com.luv2code.junitdemo.DemoUtilsTest" time="0">
    <system-out><![CDATA[@BeforeEach runs before every test method
inside Test: testEqualsAndNotEquals
@AfterEach runs after every test method

]]></system-out>
  </testcase>
  <testcase name="Timeout" classname="com.luv2code.junitdemo.DemoUtilsTest" time="2.029">
    <system-out><![CDATA[@BeforeEach runs before every test method
I am going to sleep
Sleeping over
@AfterEach runs after every test method

]]></system-out>
  </testcase>
  <testcase name="Throws and Does Not Throw" classname="com.luv2code.junitdemo.DemoUtilsTest" time="0">
    <system-out><![CDATA[@BeforeEach runs before every test method
@AfterEach runs after every test method

]]></system-out>
  </testcase>
  <testcase name="test Same And NotSame" classname="com.luv2code.junitdemo.DemoUtilsTest" time="0">
    <system-out><![CDATA[@BeforeEach runs before every test method
@AfterEach runs after every test method

]]></system-out>
  </testcase>
  <testcase name="Array Equals" classname="com.luv2code.junitdemo.DemoUtilsTest" time="0.017">
    <system-out><![CDATA[@BeforeEach runs before every test method
@AfterEach runs after every test method

]]></system-out>
  </testcase>
  <testcase name="Lines Match" classname="com.luv2code.junitdemo.DemoUtilsTest" time="0.014">
    <system-out><![CDATA[@BeforeEach runs before every test method
@AfterEach runs after every test method

]]></system-out>
  </testcase>
  <testcase name="test_Null_And_NotNull" classname="com.luv2code.junitdemo.DemoUtilsTest" time="0">
    <system-out><![CDATA[@BeforeEach runs before every test method
inside Test: testNullAndNotNull
@AfterEach runs after every test method

]]></system-out>
  </testcase>
  <testcase name="Iterable Equals" classname="com.luv2code.junitdemo.DemoUtilsTest" time="0">
    <system-out><![CDATA[@BeforeEach runs before every test method
@AfterEach runs after every test method

]]></system-out>
  </testcase>
  <testcase name="Multiply" classname="com.luv2code.junitdemo.DemoUtilsTest" time="0">
    <system-out><![CDATA[@BeforeEach runs before every test method
@AfterEach runs after every test method

]]></system-out>
  </testcase>
</testsuite>